INFO:  latexindent version 3.17.1, 2022-04-04, a script to indent .tex files
       latexindent lives here: /usr/share/texmf/scripts/latexindent/
       Tue Dec 20 16:11:57 2022
       Filename: /home/erdragh/fau/tex/theUniverse/src/chapters/__latexindent_temp_2_your_beginning.tex
INFO:  Processing switches:
       -y|--yaml: YAML settings specified via command line
       -c|--cruft: cruft directory
INFO:  Directory for backup files and /home/erdragh/fau/tex/theUniverse/src//indent.log:
       /home/erdragh/fau/tex/theUniverse/src/
INFO:  YAML settings read: defaultSettings.yaml
       Reading defaultSettings.yaml from /usr/share/texmf/scripts/latexindent/defaultSettings.yaml
INFO:  YAML settings read: indentconfig.yaml or .indentconfig.yaml
       Home directory is /home/erdragh (didn't find either indentconfig.yaml or .indentconfig.yaml)
       To specify user settings you would put indentconfig.yaml here: /home/erdragh/indentconfig.yaml
       Alternatively, you can use the hidden file .indentconfig.yaml as: /home/erdragh/.indentconfig.yaml
INFO:  YAML settings read: -y switch
       YAML setting: defaultIndent:'  '
       single-quoted string found in -y switch: '  ', substitute to   
       Updating mainSettings with defaultIndent:   
INFO:  Phase 1: searching for objects
INFO:  Phase 2: finding surrounding indentation
INFO:  Phase 3: indenting objects
INFO:  Phase 4: final indentation check
INFO:  Output routine:
       Not outputting to file; see -w and -o switches for more options.
       --------------
INFO:  Please direct all communication/issues to:
        https://github.com/cmhughes/latexindent.pl
